/u/mlowery/.conda/envs/gnot/lib/python3.10/site-packages/requests/__init__.py:86: RequestsDependencyWarning: Unable to find acceptable character detection dependency (chardet or charset_normalizer).
  warnings.warn(
wandb: Appending key for api.wandb.ai to your netrc file: /u/mlowery/.netrc
wandb: Currently logged in as: mattlowery10 (certann) to https://api.wandb.ai. Use `wandb login --relogin` to force relogin
wandb: Tracking run with wandb version 0.22.0
wandb: Run data is saved locally in /u/mlowery/Geo-FNO/me/wandb/run-20251212_011057-sjjo2aeg
wandb: Run `wandb offline` to turn off syncing.
wandb: Syncing run backward_facing_step_ood_1_100_all
wandb: ⭐️ View project at https://wandb.ai/certann/ramansh
wandb: 🚀 View run at https://wandb.ai/certann/ramansh/runs/sjjo2aeg
Traceback (most recent call last):
  File "/u/mlowery/Geo-FNO/me/ramansh_2d.py", line 110, in <module>
    y_normalizer.cuda()
  File "/u/mlowery/Geo-FNO/me/../utilities3.py", line 110, in cuda
    self.mean = self.mean.cuda()
torch.AcceleratorError: CUDA error: CUDA-capable device(s) is/are busy or unavailable
Search for `cudaErrorDevicesUnavailable' in https://docs.nvidia.com/cuda/cuda-runtime-api/group__CUDART__TYPES.html for more information.
CUDA kernel errors might be asynchronously reported at some other API call, so the stacktrace below might be incorrect.
For debugging consider passing CUDA_LAUNCH_BLOCKING=1
Compile with `TORCH_USE_CUDA_DSA` to enable device-side assertions.

Traceback (most recent call last):
  File "/u/mlowery/Geo-FNO/me/ramansh_2d.py", line 110, in <module>
    y_normalizer.cuda()
  File "/u/mlowery/Geo-FNO/me/../utilities3.py", line 110, in cuda
    self.mean = self.mean.cuda()
torch.AcceleratorError: CUDA error: CUDA-capable device(s) is/are busy or unavailable
Search for `cudaErrorDevicesUnavailable' in https://docs.nvidia.com/cuda/cuda-runtime-api/group__CUDART__TYPES.html for more information.
CUDA kernel errors might be asynchronously reported at some other API call, so the stacktrace below might be incorrect.
For debugging consider passing CUDA_LAUNCH_BLOCKING=1
Compile with `TORCH_USE_CUDA_DSA` to enable device-side assertions.

